STAR version=2.7.9a
STAR compilation time,server,dir=2021-05-04T09:43:56-0400 vega:/home/dobin/data/STAR/STARcode/STAR.master/source
##### Command Line:
/usr/local/bin/STAR --runMode genomeGenerate --genomeDir star/ --genomeFastaFiles hs.GRCh38.chr21.fa --sjdbGTFfile hs.GRCh38.chr21.gtf --runThreadN 2 --genomeSAindexNbases 12 --limitGenomeGenerateRAM 8489934592
##### Initial USER parameters from Command Line:
###### All USER parameters from Command Line:
runMode                       genomeGenerate        ~RE-DEFINED
genomeDir                     star/     ~RE-DEFINED
genomeFastaFiles              hs.GRCh38.chr21.fa        ~RE-DEFINED
sjdbGTFfile                   hs.GRCh38.chr21.gtf     ~RE-DEFINED
runThreadN                    2     ~RE-DEFINED
genomeSAindexNbases           12     ~RE-DEFINED
limitGenomeGenerateRAM        8489934592     ~RE-DEFINED
##### Finished reading parameters from all sources

##### Final user re-defined parameters-----------------:
runMode                           genomeGenerate   
runThreadN                        2
genomeDir                         star/
genomeFastaFiles                  hs.GRCh38.chr21.fa   
genomeSAindexNbases               12
limitGenomeGenerateRAM            8489934592
sjdbGTFfile                       hs.GRCh38.chr21.gtf

-------------------------------
##### Final effective command line:
/usr/local/bin/STAR   --runMode genomeGenerate      --runThreadN 2   --genomeDir star/   --genomeFastaFiles hs.GRCh38.chr21.fa      --genomeSAindexNbases 12   --limitGenomeGenerateRAM 8489934592   --sjdbGTFfile hs.GRCh38.chr21.gtf
----------------------------------------

Number of fastq files for each mate = 1
ParametersSolo: --soloCellFilterType CellRanger2.2 filtering parameters:  3000 0.99 10
Finished loading and checking parameters
--genomeDir directory exists and will be overwritten: star/
Feb 02 17:40:48 ... starting to generate Genome files
hs.GRCh38.chr21.fa : chr # 0  "21" chrStart: 0
Chromosome sequence lengths: 
21	46709983
Genome sequence total length = 46709983
Genome size with padding = 46923776
Feb 02 17:40:51 ..... processing annotations GTF
Processing pGe.sjdbGTFfile=hs.GRCh38.chr21.gtf, found:
		3123 transcripts
		18342 exons (non-collapsed)
		4858 collapsed junctions
Total junctions: 4858
Feb 02 17:40:53 ..... finished GTF processing

!!!!! WARNING: --genomeSAindexNbases 12 is too large for the genome size=46709983, which may cause seg-fault at the mapping step. Re-run genome generation with recommended --genomeSAindexNbases 11
Estimated genome size with padding and SJs: total=genome+SJ=247923776 = 46923776 + 201000000
GstrandBit=32
Number of SA indices: 80177238
Feb 02 17:40:53 ... starting to sort Suffix Array. This may take a long time...
Number of chunks: 1;   chunks size limit: 641417904 bytes
Feb 02 17:40:54 ... sorting Suffix Array chunks and saving them to disk...
Writing 641417904 bytes into star//SA_0 ; empty space on disk = 327187002556416 bytes ... done
Feb 02 17:44:57 ... loading chunks from disk, packing SA...
Feb 02 17:45:14 ... finished generating suffix array
Feb 02 17:45:14 ... generating Suffix Array index
Feb 02 17:45:24 ... completed Suffix Array index
Feb 02 17:45:24   Finished preparing junctions
Feb 02 17:45:24 ..... inserting junctions into the genome indices
Feb 02 17:45:27   Finished SA search: number of new junctions=4858, old junctions=0
Feb 02 17:45:29   Finished sorting SA indicesL nInd=1943200
Genome size with junctions=47900234  46923776   976458
GstrandBit1=32   GstrandBit=32
Feb 02 17:45:32   Finished inserting junction indices
Feb 02 17:45:34   Finished SAi
Feb 02 17:45:34 ..... finished inserting junctions into genome
Feb 02 17:45:34 ... writing Genome to disk ...
Writing 47900234 bytes into star//Genome ; empty space on disk = 327187170328576 bytes ... done
SA size in bytes: 338746810
Feb 02 17:45:34 ... writing Suffix Array to disk ...
Writing 338746810 bytes into star//SA ; empty space on disk = 327174910377984 bytes ... done
Feb 02 17:45:41 ... writing SAindex to disk
Writing 8 bytes into star//SAindex ; empty space on disk = 327084402540544 bytes ... done
Writing 104 bytes into star//SAindex ; empty space on disk = 327084402540544 bytes ... done
Writing 97867091 bytes into star//SAindex ; empty space on disk = 327084402540544 bytes ... done
Feb 02 17:45:42 ..... finished successfully
DONE: Genome generation, EXITING
