STAR version=2.7.9a
STAR compilation time,server,dir=2021-05-04T09:43:56-0400 vega:/home/dobin/data/STAR/STARcode/STAR.master/source
##### Command Line:
STAR --runMode genomeGenerate --genomeDir star/ --genomeFastaFiles homosapien-hg37-chr21.fa --sjdbGTFfile gencode.v35.chr21.gtf --runThreadN 2 --genomeSAindexNbases 12 --limitGenomeGenerateRAM 6342450944
##### Initial USER parameters from Command Line:
###### All USER parameters from Command Line:
runMode                       genomeGenerate        ~RE-DEFINED
genomeDir                     star/     ~RE-DEFINED
genomeFastaFiles              homosapien-hg37-chr21.fa        ~RE-DEFINED
sjdbGTFfile                   gencode.v35.chr21.gtf     ~RE-DEFINED
runThreadN                    2     ~RE-DEFINED
genomeSAindexNbases           12     ~RE-DEFINED
limitGenomeGenerateRAM        6342450944     ~RE-DEFINED
##### Finished reading parameters from all sources

##### Final user re-defined parameters-----------------:
runMode                           genomeGenerate   
runThreadN                        2
genomeDir                         star/
genomeFastaFiles                  homosapien-hg37-chr21.fa   
genomeSAindexNbases               12
limitGenomeGenerateRAM            6342450944
sjdbGTFfile                       gencode.v35.chr21.gtf

-------------------------------
##### Final effective command line:
STAR   --runMode genomeGenerate      --runThreadN 2   --genomeDir star/   --genomeFastaFiles homosapien-hg37-chr21.fa      --genomeSAindexNbases 12   --limitGenomeGenerateRAM 6342450944   --sjdbGTFfile gencode.v35.chr21.gtf
----------------------------------------

Number of fastq files for each mate = 1
ParametersSolo: --soloCellFilterType CellRanger2.2 filtering parameters:  3000 0.99 10
Finished loading and checking parameters
--genomeDir directory exists and will be overwritten: star/
Nov 25 22:55:42 ... starting to generate Genome files
homosapien-hg37-chr21.fa : chr # 0  "chr21" chrStart: 0
Chromosome sequence lengths: 
chr21	48129895
Genome sequence total length = 48129895
Genome size with padding = 48234496
Nov 25 22:55:43 ..... processing annotations GTF
Processing pGe.sjdbGTFfile=gencode.v35.chr21.gtf, found:
		2969 transcripts
		16982 exons (non-collapsed)
		4744 collapsed junctions
Total junctions: 4744
Nov 25 22:55:43 ..... finished GTF processing

!!!!! WARNING: --genomeSAindexNbases 12 is too large for the genome size=48129895, which may cause seg-fault at the mapping step. Re-run genome generation with recommended --genomeSAindexNbases 11
Estimated genome size with padding and SJs: total=genome+SJ=249234496 = 48234496 + 201000000
GstrandBit=32
Number of SA indices: 70213284
Nov 25 22:55:44 ... starting to sort Suffix Array. This may take a long time...
Number of chunks: 1;   chunks size limit: 561706272 bytes
Nov 25 22:55:44 ... sorting Suffix Array chunks and saving them to disk...
Writing 561706272 bytes into star//SA_0 ; empty space on disk = 43380565344256 bytes ... done
Nov 25 22:56:27 ... loading chunks from disk, packing SA...
Nov 25 22:56:33 ... finished generating suffix array
Nov 25 22:56:33 ... generating Suffix Array index
Nov 25 22:56:39 ... completed Suffix Array index
Nov 25 22:56:39   Finished preparing junctions
Nov 25 22:56:39 ..... inserting junctions into the genome indices
Nov 25 22:56:41   Finished SA search: number of new junctions=4744, old junctions=0
Nov 25 22:56:41   Finished sorting SA indicesL nInd=1679400
Genome size with junctions=49188040  48234496   953544
GstrandBit1=32   GstrandBit=32
Nov 25 22:56:42   Finished inserting junction indices
Nov 25 22:56:42   Finished SAi
Nov 25 22:56:42 ..... finished inserting junctions into genome
Nov 25 22:56:42 ... writing Genome to disk ...
Writing 49188040 bytes into star//Genome ; empty space on disk = 43380215119872 bytes ... done
SA size in bytes: 296557325
Nov 25 22:56:43 ... writing Suffix Array to disk ...
Writing 296557325 bytes into star//SA ; empty space on disk = 43367622770688 bytes ... done
Nov 25 22:56:46 ... writing SAindex to disk
Writing 8 bytes into star//SAindex ; empty space on disk = 43291117617152 bytes ... done
Writing 104 bytes into star//SAindex ; empty space on disk = 43291117617152 bytes ... done
Writing 97867091 bytes into star//SAindex ; empty space on disk = 43291117617152 bytes ... done
Nov 25 22:56:47 ..... finished successfully
DONE: Genome generation, EXITING
