                                 Started job on |	Dec 01 21:51:48
                             Started mapping on |	Dec 01 21:51:56
                                    Finished on |	Dec 01 21:51:59
       Mapping speed, Million of reads per hour |	2.69

                          Number of input reads |	2239
                      Average input read length |	38
                                    UNIQUE READS:
                   Uniquely mapped reads number |	537
                        Uniquely mapped reads % |	23.98%
                          Average mapped length |	36.79
                       Number of splices: Total |	41
            Number of splices: Annotated (sjdb) |	0
                       Number of splices: GT/AG |	36
                       Number of splices: GC/AG |	3
                       Number of splices: AT/AC |	0
               Number of splices: Non-canonical |	2
                      Mismatch rate per base, % |	8.31%
                         Deletion rate per base |	0.03%
                        Deletion average length |	1.67
                        Insertion rate per base |	0.00%
                       Insertion average length |	0.00
                             MULTI-MAPPING READS:
        Number of reads mapped to multiple loci |	142
             % of reads mapped to multiple loci |	6.34%
        Number of reads mapped to too many loci |	14
             % of reads mapped to too many loci |	0.63%
                                  UNMAPPED READS:
  Number of reads unmapped: too many mismatches |	0
       % of reads unmapped: too many mismatches |	0.00%
            Number of reads unmapped: too short |	1541
                 % of reads unmapped: too short |	68.83%
                Number of reads unmapped: other |	5
                     % of reads unmapped: other |	0.22%
                                  CHIMERIC READS:
                       Number of chimeric reads |	0
                            % of chimeric reads |	0.00%
