                                 Started job on |	Dec 01 21:51:48
                             Started mapping on |	Dec 01 21:51:56
                                    Finished on |	Dec 01 21:51:59
       Mapping speed, Million of reads per hour |	2.70

                          Number of input reads |	2251
                      Average input read length |	39
                                    UNIQUE READS:
                   Uniquely mapped reads number |	598
                        Uniquely mapped reads % |	26.57%
                          Average mapped length |	37.18
                       Number of splices: Total |	35
            Number of splices: Annotated (sjdb) |	0
                       Number of splices: GT/AG |	31
                       Number of splices: GC/AG |	0
                       Number of splices: AT/AC |	0
               Number of splices: Non-canonical |	4
                      Mismatch rate per base, % |	8.04%
                         Deletion rate per base |	0.00%
                        Deletion average length |	0.00
                        Insertion rate per base |	0.00%
                       Insertion average length |	0.00
                             MULTI-MAPPING READS:
        Number of reads mapped to multiple loci |	140
             % of reads mapped to multiple loci |	6.22%
        Number of reads mapped to too many loci |	16
             % of reads mapped to too many loci |	0.71%
                                  UNMAPPED READS:
  Number of reads unmapped: too many mismatches |	0
       % of reads unmapped: too many mismatches |	0.00%
            Number of reads unmapped: too short |	1493
                 % of reads unmapped: too short |	66.33%
                Number of reads unmapped: other |	4
                     % of reads unmapped: other |	0.18%
                                  CHIMERIC READS:
                       Number of chimeric reads |	0
                            % of chimeric reads |	0.00%
